------------------------------------------------------------------------------------------------------------------------

[2024-02-23 18:38:37 #1 store] 
Database 'C:\Estudio\Acceso a Datos\TrabajoFinal\data\AlquileresPisos.odb' is opened by 15556@LAPTOP-32KEKBT9

[2024-02-23 18:38:37 #2 store] 
Configuration path: ?

[2024-02-23 18:38:37 #3 type] 
Type Modelo.ModeloAlquiler is not enhanced.

------------------------------------------------------------------------------------------------------------------------

[2024-02-23 20:28:19 #1 store] 
Database 'C:\Estudio\Acceso a Datos\TrabajoFinal\data\AlquileresPisos.odb' is opened by 6432@LAPTOP-32KEKBT9

[2024-02-23 20:28:19 #2 store] 
Configuration path: ?

[2024-02-23 20:28:19 #3 type] 
Type Modelo.ModeloAlquiler is not enhanced.

------------------------------------------------------------------------------------------------------------------------

[2024-02-23 20:29:38 #1 store] 
Database 'C:\Estudio\Acceso a Datos\TrabajoFinal\data\AlquileresPisos.odb' is opened by 3612@LAPTOP-32KEKBT9

[2024-02-23 20:29:38 #2 store] 
Configuration path: ?

[2024-02-23 20:29:38 #3 type] 
Type Modelo.ModeloAlquiler is not enhanced.

------------------------------------------------------------------------------------------------------------------------

[2024-02-23 20:31:30 #1 store] 
Database 'C:\Estudio\Acceso a Datos\TrabajoFinal\data\AlquileresPisos.odb' is opened by 2828@LAPTOP-32KEKBT9

[2024-02-23 20:31:30 #2 store] 
Configuration path: ?

[2024-02-23 20:31:30 #3 type] 
Type Modelo.ModeloAlquiler is not enhanced.

------------------------------------------------------------------------------------------------------------------------

[2024-02-23 20:32:08 #1 store] 
Database 'C:\Estudio\Acceso a Datos\TrabajoFinal\data\AlquileresPisos.odb' is opened by 16588@LAPTOP-32KEKBT9

[2024-02-23 20:32:08 #2 store] 
Configuration path: ?

[2024-02-23 20:32:08 #3 type] 
Type Modelo.ModeloAlquiler is not enhanced.

