------------------------------------------------------------------------------------------------------------------------

[2024-02-29 11:53:32 #1 store] 
Database 'C:\Estudio\Acceso a Datos\TrabajoFinal\data\AlquileresPisos.odb' is opened by 23236@LAPTOP-32KEKBT9

[2024-02-29 11:53:32 #2 store] 
Configuration path: ?

[2024-02-29 11:53:32 #3 type] 
Type Modelo.ModeloAlquiler is not enhanced.

[2024-02-29 11:53:33 #4 store] 
Database 'C:\Estudio\Acceso a Datos\TrabajoFinal\data\AlquileresPisos.odb' is closed by 23236@LAPTOP-32KEKBT9

[2024-02-29 11:53:40 #5 store] 
Database 'C:\Estudio\Acceso a Datos\TrabajoFinal\data\AlquileresPisos.odb' is opened by 23236@LAPTOP-32KEKBT9

[2024-02-29 11:53:40 #6 store] 
Configuration path: ?

------------------------------------------------------------------------------------------------------------------------

[2024-02-29 11:55:44 #1 store] 
Database 'C:\Estudio\Acceso a Datos\TrabajoFinal\data\AlquileresPisos.odb' has been recovered (tr. 54-55)

[2024-02-29 11:55:44 #2 store] 
Database 'C:\Estudio\Acceso a Datos\TrabajoFinal\data\AlquileresPisos.odb' is opened by 8512@LAPTOP-32KEKBT9

[2024-02-29 11:55:44 #3 store] 
Configuration path: ?

[2024-02-29 11:55:44 #4 type] 
Type Modelo.ModeloAlquiler is not enhanced.

------------------------------------------------------------------------------------------------------------------------

[2024-02-29 11:58:19 #1 store] 
Database 'C:\Estudio\Acceso a Datos\TrabajoFinal\data\AlquileresPisos.odb' is opened by 24568@LAPTOP-32KEKBT9

[2024-02-29 11:58:19 #2 store] 
Configuration path: ?

[2024-02-29 11:58:19 #3 type] 
Type Modelo.ModeloAlquiler is not enhanced.

------------------------------------------------------------------------------------------------------------------------

[2024-02-29 12:00:54 #1 store] 
Database 'C:\Estudio\Acceso a Datos\TrabajoFinal\data\AlquileresPisos.odb' is opened by 2340@LAPTOP-32KEKBT9

[2024-02-29 12:00:54 #2 store] 
Configuration path: ?

[2024-02-29 12:00:54 #3 type] 
Type Modelo.ModeloAlquiler is not enhanced.

------------------------------------------------------------------------------------------------------------------------

[2024-02-29 17:10:51 #1 store] 
Database 'C:\Estudio\Acceso a Datos\TrabajoFinal\data\AlquileresPisos.odb' has been recovered (tr. 56-56)

[2024-02-29 17:10:51 #2 store] 
Database 'C:\Estudio\Acceso a Datos\TrabajoFinal\data\AlquileresPisos.odb' is opened by 20516@LAPTOP-32KEKBT9

[2024-02-29 17:10:51 #3 store] 
Configuration path: ?

[2024-02-29 17:10:51 #4 type] 
Type Modelo.ModeloAlquiler is not enhanced.

------------------------------------------------------------------------------------------------------------------------

[2024-02-29 17:12:19 #1 store] 
Database 'C:\Estudio\Acceso a Datos\TrabajoFinal\data\AlquileresPisos.odb' is opened by 452@LAPTOP-32KEKBT9

[2024-02-29 17:12:19 #2 store] 
Configuration path: ?

[2024-02-29 17:12:19 #3 type] 
Type Modelo.ModeloAlquiler is not enhanced.

------------------------------------------------------------------------------------------------------------------------

[2024-02-29 17:12:58 #1 store] 
Database 'C:\Estudio\Acceso a Datos\TrabajoFinal\data\AlquileresPisos.odb' is opened by 10004@LAPTOP-32KEKBT9

[2024-02-29 17:12:58 #2 store] 
Configuration path: ?

[2024-02-29 17:12:58 #3 type] 
Type Modelo.ModeloAlquiler is not enhanced.

------------------------------------------------------------------------------------------------------------------------

[2024-02-29 17:13:31 #1 store] 
Database 'C:\Estudio\Acceso a Datos\TrabajoFinal\data\AlquileresPisos.odb' is opened by 4376@LAPTOP-32KEKBT9

[2024-02-29 17:13:31 #2 store] 
Configuration path: ?

[2024-02-29 17:13:31 #3 type] 
Type Modelo.ModeloAlquiler is not enhanced.

------------------------------------------------------------------------------------------------------------------------

[2024-02-29 17:14:38 #1 store] 
Database 'C:\Estudio\Acceso a Datos\TrabajoFinal\data\AlquileresPisos.odb' is opened by 20276@LAPTOP-32KEKBT9

[2024-02-29 17:14:38 #2 store] 
Configuration path: ?

[2024-02-29 17:14:38 #3 type] 
Type Modelo.ModeloAlquiler is not enhanced.

------------------------------------------------------------------------------------------------------------------------

[2024-02-29 17:16:07 #1 store] 
Database 'C:\Estudio\Acceso a Datos\TrabajoFinal\data\AlquileresPisos.odb' is opened by 22316@LAPTOP-32KEKBT9

[2024-02-29 17:16:07 #2 store] 
Configuration path: ?

[2024-02-29 17:16:07 #3 type] 
Type Modelo.ModeloAlquiler is not enhanced.

------------------------------------------------------------------------------------------------------------------------

[2024-02-29 17:17:19 #1 store] 
Database 'C:\Estudio\Acceso a Datos\TrabajoFinal\data\AlquileresPisos.odb' is opened by 14128@LAPTOP-32KEKBT9

[2024-02-29 17:17:19 #2 store] 
Configuration path: ?

[2024-02-29 17:17:19 #3 type] 
Type Modelo.ModeloAlquiler is not enhanced.

------------------------------------------------------------------------------------------------------------------------

[2024-02-29 17:17:47 #1 store] 
Database 'C:\Estudio\Acceso a Datos\TrabajoFinal\data\AlquileresPisos.odb' is opened by 23664@LAPTOP-32KEKBT9

[2024-02-29 17:17:47 #2 store] 
Configuration path: ?

[2024-02-29 17:17:47 #3 type] 
Type Modelo.ModeloAlquiler is not enhanced.

------------------------------------------------------------------------------------------------------------------------

[2024-02-29 17:25:36 #1 store] 
Database 'C:\Estudio\Acceso a Datos\TrabajoFinal\data\AlquileresPisos.odb' is opened by 20908@LAPTOP-32KEKBT9

[2024-02-29 17:25:36 #2 store] 
Configuration path: ?

[2024-02-29 17:25:36 #3 type] 
Type Modelo.ModeloAlquiler is not enhanced.

------------------------------------------------------------------------------------------------------------------------

[2024-02-29 17:34:52 #1 store] 
Database 'C:\Estudio\Acceso a Datos\TrabajoFinal\data\AlquileresPisos.odb' is opened by 7368@LAPTOP-32KEKBT9

[2024-02-29 17:34:52 #2 store] 
Configuration path: ?

[2024-02-29 17:34:52 #3 type] 
Type Modelo.ModeloAlquiler is not enhanced.

------------------------------------------------------------------------------------------------------------------------

[2024-02-29 17:43:59 #1 store] 
Database 'C:\Estudio\Acceso a Datos\TrabajoFinal\data\AlquileresPisos.odb' is opened by 24148@LAPTOP-32KEKBT9

[2024-02-29 17:43:59 #2 store] 
Configuration path: ?

[2024-02-29 17:43:59 #3 type] 
Type Modelo.ModeloAlquiler is not enhanced.

------------------------------------------------------------------------------------------------------------------------

[2024-02-29 17:51:41 #1 store] 
Database 'C:\Estudio\Acceso a Datos\TrabajoFinal\data\AlquileresPisos.odb' is opened by 21700@LAPTOP-32KEKBT9

[2024-02-29 17:51:41 #2 store] 
Configuration path: ?

[2024-02-29 17:51:41 #3 type] 
Type Modelo.ModeloAlquiler is not enhanced.

------------------------------------------------------------------------------------------------------------------------

[2024-02-29 17:53:54 #1 store] 
Database 'C:\Estudio\Acceso a Datos\TrabajoFinal\data\AlquileresPisos.odb' is opened by 19900@LAPTOP-32KEKBT9

[2024-02-29 17:53:54 #2 store] 
Configuration path: ?

[2024-02-29 17:53:54 #3 type] 
Type Modelo.ModeloAlquiler is not enhanced.

------------------------------------------------------------------------------------------------------------------------

[2024-02-29 17:57:41 #1 store] 
Database 'C:\Estudio\Acceso a Datos\TrabajoFinal\data\AlquileresPisos.odb' is opened by 21520@LAPTOP-32KEKBT9

[2024-02-29 17:57:41 #2 store] 
Configuration path: ?

[2024-02-29 17:57:41 #3 type] 
Type Modelo.ModeloAlquiler is not enhanced.

------------------------------------------------------------------------------------------------------------------------

[2024-02-29 22:39:02 #1 store] 
Database 'C:\Estudio\Acceso a Datos\TrabajoFinal\data\AlquileresPisos.odb' is opened by 21220@LAPTOP-32KEKBT9

[2024-02-29 22:39:02 #2 store] 
Configuration path: ?

[2024-02-29 22:39:02 #3 type] 
Type Modelo.ModeloAlquiler is not enhanced.

